Build started 1/14/2016 5:38:46 AM.
     1>Project "C:\Users\Administrator.CARELINK\Documents\c++ de\DE\DE\DE.vcxproj" on node 2 (Build target(s)).
     1>ClCompile:
         C:\Program Files (x86)\Microsoft Visual Studio 12.0\VC\bin\CL.exe /c /Zi /nologo /W3 /WX- /sdl /O2 /Oi /Oy- /GL /D WIN32 /D NDEBUG /D _CONSOLE /D _LIB /D _UNICODE /D UNICODE /D _CRT_SECURE_NO_WARNINGS /D _UNICODE /D UNICODE /D _CRT_SECURE_NO_WARNINGS /D _UNICODE /D UNICODE /Gm- /EHsc /MD /GS /Gy /fp:precise /Zc:wchar_t /Zc:forScope /Yu"stdafx.h" /Fp"Release\DE.pch" /Fo"Release\\" /Fd"Release\vc120.pdb" /Gd /TP /analyze- /errorReport:prompt DE.cpp
         DE.cpp
       Link:
         C:\Program Files (x86)\Microsoft Visual Studio 12.0\VC\bin\link.exe /ERRORREPORT:PROMPT /OUT:"C:\Users\Administrator.CARELINK\Documents\c++ de\DE\Release\DE.exe" /INCREMENTAL:NO /NOLOGO kernel32.lib user32.lib gdi32.lib winspool.lib comdlg32.lib advapi32.lib shell32.lib ole32.lib oleaut32.lib uuid.lib odbc32.lib odbccp32.lib /MANIFEST /MANIFESTUAC:"level='asInvoker' uiAccess='false'" /manifest:embed /DEBUG /PDB:"C:\Users\Administrator.CARELINK\Documents\c++ de\DE\Release\DE.pdb" /SUBSYSTEM:CONSOLE /OPT:REF /OPT:ICF /LTCG /TLBID:1 /DYNAMICBASE /NXCOMPAT /IMPLIB:"C:\Users\Administrator.CARELINK\Documents\c++ de\DE\Release\DE.lib" /MACHINE:X86 /SAFESEH Release\BaseCecWriter.obj
         Release\BaseWriter.obj
         Release\Cec15.obj
         Release\DE.obj
         Release\DirHandler.obj
         Release\MathUtils.obj
         Release\Shade.obj
         Release\ShadeWriter.obj
         Release\stdafx.obj
         Generating code
         Finished generating code
         DE.vcxproj -> C:\Users\Administrator.CARELINK\Documents\c++ de\DE\Release\DE.exe
     1>Done Building Project "C:\Users\Administrator.CARELINK\Documents\c++ de\DE\DE\DE.vcxproj" (Build target(s)).

Build succeeded.

Time Elapsed 00:00:00.52
