Build started 1/15/2016 5:14:30 AM.
     1>Project "C:\Users\Administrator.CARELINK\Documents\c++ de\DE\DE\DE.vcxproj" on node 2 (Build target(s)).
     1>ClCompile:
         C:\Program Files (x86)\Microsoft Visual Studio 12.0\VC\bin\CL.exe /c /ZI /nologo /W3 /WX- /sdl /Od /Oy- /D WIN32 /D _DEBUG /D _CONSOLE /D _LIB /D _UNICODE /D UNICODE /D _CRT_SECURE_NO_WARNINGS /D _UNICODE /D UNICODE /Gm /EHsc /RTC1 /MDd /GS /fp:precise /Zc:wchar_t /Zc:forScope /Yu"stdafx.h" /Fp"Debug\DE.pch" /Fo"Debug\\" /Fd"Debug\vc120.pdb" /Gd /TP /analyze- /errorReport:prompt BaseCecWriter.cpp
         BaseCecWriter.cpp
       Link:
         C:\Program Files (x86)\Microsoft Visual Studio 12.0\VC\bin\link.exe /ERRORREPORT:PROMPT /OUT:"C:\Users\Administrator.CARELINK\Documents\c++ de\DE\Debug\DE.exe" /INCREMENTAL /NOLOGO kernel32.lib user32.lib gdi32.lib winspool.lib comdlg32.lib advapi32.lib shell32.lib ole32.lib oleaut32.lib uuid.lib odbc32.lib odbccp32.lib /MANIFEST /MANIFESTUAC:"level='asInvoker' uiAccess='false'" /manifest:embed /DEBUG /PDB:"C:\Users\Administrator.CARELINK\Documents\c++ de\DE\Debug\DE.pdb" /SUBSYSTEM:CONSOLE /TLBID:1 /DYNAMICBASE /NXCOMPAT /IMPLIB:"C:\Users\Administrator.CARELINK\Documents\c++ de\DE\Debug\DE.lib" /MACHINE:X86 /PROFILE Debug\BaseCecWriter.obj
         Debug\BaseWriter.obj
         Debug\Cec15.obj
         Debug\DE.obj
         Debug\DirHandler.obj
         Debug\MathUtils.obj
         Debug\Shade.obj
         Debug\ShadeWriter.obj
         Debug\stdafx.obj
     1>LINK : warning LNK4075: ignoring '/INCREMENTAL' due to '/PROFILE' specification
     1>BaseCecWriter.obj : warning LNK4075: ignoring '/EDITANDCONTINUE' due to '/OPT:LBR' specification
         DE.vcxproj -> C:\Users\Administrator.CARELINK\Documents\c++ de\DE\Debug\DE.exe
     1>Done Building Project "C:\Users\Administrator.CARELINK\Documents\c++ de\DE\DE\DE.vcxproj" (Build target(s)).

Build succeeded.

Time Elapsed 00:00:00.73
